AndroidEPS/app/build/intermediates/manifest_merge_blame_file/debug/manifest-merger-blame-debug-report.txt
1<?xml version="1.0" encoding="utf-8"?>
2<manifest xmlns:android="http://schemas.android.com/apk/res/android"
3    package="com.eps.android"
4    android:versionCode="14"
5    android:versionName="1.7.0" >
6
7    <uses-sdk
8        android:minSdkVersion="26"
9        android:targetSdkVersion="34" />
10
11    <!-- Essential Permissions -->
12    <uses-permission android:name="android.permission.RECEIVE_BOOT_COMPLETED" />
12-->src\main\AndroidManifest.xml:6:5-81
12-->src\main\AndroidManifest.xml:6:22-78
13    <uses-permission
13-->src\main\AndroidManifest.xml:7:5-107
14        android:name="android.permission.READ_EXTERNAL_STORAGE"
14-->src\main\AndroidManifest.xml:7:22-77
15        android:maxSdkVersion="32" />
15-->src\main\AndroidManifest.xml:7:78-104
16    <uses-permission android:name="android.permission.READ_MEDIA_IMAGES" />
16-->src\main\AndroidManifest.xml:8:5-76
16-->src\main\AndroidManifest.xml:8:22-73
17    <uses-permission android:name="android.permission.READ_MEDIA_VIDEO" />
17-->src\main\AndroidManifest.xml:9:5-75
17-->src\main\AndroidManifest.xml:9:22-72
18    <uses-permission android:name="android.permission.READ_MEDIA_AUDIO" />
18-->src\main\AndroidManifest.xml:10:5-75
18-->src\main\AndroidManifest.xml:10:22-72
19    <uses-permission android:name="android.permission.POST_NOTIFICATIONS" />
19-->src\main\AndroidManifest.xml:11:5-77
19-->src\main\AndroidManifest.xml:11:22-74
20    <uses-permission android:name="android.permission.FOREGROUND_SERVICE" />
20-->src\main\AndroidManifest.xml:12:5-77
20-->src\main\AndroidManifest.xml:12:22-74
21    <uses-permission android:name="android.permission.FOREGROUND_SERVICE_DATA_SYNC" />
21-->src\main\AndroidManifest.xml:13:5-87
21-->src\main\AndroidManifest.xml:13:22-84
22    <uses-permission android:name="android.permission.QUERY_ALL_PACKAGES" />
22-->src\main\AndroidManifest.xml:14:5-119
22-->src\main\AndroidManifest.xml:14:22-74
23    <uses-permission android:name="android.permission.PACKAGE_USAGE_STATS" />
23-->src\main\AndroidManifest.xml:15:5-114
23-->src\main\AndroidManifest.xml:15:22-75
24    <uses-permission android:name="android.permission.MANAGE_EXTERNAL_STORAGE" />
24-->src\main\AndroidManifest.xml:16:5-111
24-->src\main\AndroidManifest.xml:16:22-79
25    <uses-permission android:name="android.permission.INTERNET" />
25-->src\main\AndroidManifest.xml:17:5-67
25-->src\main\AndroidManifest.xml:17:22-64
26    <uses-permission android:name="android.permission.RECORD_AUDIO" />
26-->src\main\AndroidManifest.xml:18:5-71
26-->src\main\AndroidManifest.xml:18:22-68
27    <uses-permission android:name="android.permission.RECEIVE_SMS" />
27-->src\main\AndroidManifest.xml:19:5-70
27-->src\main\AndroidManifest.xml:19:22-67
28    <uses-permission android:name="android.permission.SYSTEM_ALERT_WINDOW" />
28-->src\main\AndroidManifest.xml:20:5-78
28-->src\main\AndroidManifest.xml:20:22-75
29    <uses-permission android:name="android.permission.BIND_DEVICE_ADMIN" />
29-->src\main\AndroidManifest.xml:21:5-112
29-->src\main\AndroidManifest.xml:21:22-73
30    <uses-permission android:name="android.permission.WAKE_LOCK" />
30-->[androidx.work:work-runtime:2.9.0] AndroidManifest.xml:23:5-68
30-->[androidx.work:work-runtime:2.9.0] AndroidManifest.xml:23:22-65
31    <uses-permission android:name="android.permission.ACCESS_NETWORK_STATE" />
31-->[androidx.work:work-runtime:2.9.0] AndroidManifest.xml:24:5-79
31-->[androidx.work:work-runtime:2.9.0] AndroidManifest.xml:24:22-76
32
33    <permission
33-->[androidx.core:core:1.12.0] AndroidManifest.xml:22:5-24:47
34        android:name="com.eps.android.DYNAMIC_RECEIVER_NOT_EXPORTED_PERMISSION"
34-->[androidx.core:core:1.12.0] AndroidManifest.xml:23:9-81
35        android:protectionLevel="signature" />
35-->[androidx.core:core:1.12.0] AndroidManifest.xml:24:9-44
36
37    <uses-permission android:name="com.eps.android.DYNAMIC_RECEIVER_NOT_EXPORTED_PERMISSION" />
37-->[androidx.core:core:1.12.0] AndroidManifest.xml:26:5-97
37-->[androidx.core:core:1.12.0] AndroidManifest.xml:26:22-94
38
39    <application
39-->src\main\AndroidManifest.xml:23:5-180:19
40        android:name="com.eps.android.EpsApplication"
40-->src\main\AndroidManifest.xml:24:9-39
41        android:allowBackup="true"
41-->src\main\AndroidManifest.xml:25:9-35
42        android:appComponentFactory="androidx.core.app.CoreComponentFactory"
42-->[androidx.core:core:1.12.0] AndroidManifest.xml:28:18-86
43        android:debuggable="true"
44        android:extractNativeLibs="false"
45        android:icon="@drawable/ic_launcher"
45-->src\main\AndroidManifest.xml:26:9-45
46        android:label="@string/app_name"
46-->src\main\AndroidManifest.xml:27:9-41
47        android:roundIcon="@drawable/ic_launcher"
47-->src\main\AndroidManifest.xml:28:9-50
48        android:supportsRtl="true"
48-->src\main\AndroidManifest.xml:29:9-35
49        android:theme="@style/Theme.HACKDEFENDER" >
49-->src\main\AndroidManifest.xml:30:9-50
50        <provider
51            android:name="androidx.core.content.FileProvider"
51-->src\main\AndroidManifest.xml:34:13-62
52            android:authorities="com.eps.android.fileprovider"
52-->src\main\AndroidManifest.xml:35:13-64
53            android:exported="false"
53-->src\main\AndroidManifest.xml:36:13-37
54            android:grantUriPermissions="true" >
54-->src\main\AndroidManifest.xml:37:13-47
55            <meta-data
55-->src\main\AndroidManifest.xml:38:13-40:58
56                android:name="android.support.FILE_PROVIDER_PATHS"
56-->src\main\AndroidManifest.xml:39:17-67
57                android:resource="@xml/provider_paths" />
57-->src\main\AndroidManifest.xml:40:17-55
58        </provider>
59
60        <activity
60-->src\main\AndroidManifest.xml:43:9-62:20
61            android:name="com.eps.android.MainActivity"
61-->src\main\AndroidManifest.xml:44:13-41
62            android:exported="true"
62-->src\main\AndroidManifest.xml:45:13-36
63            android:theme="@style/Theme.HACKDEFENDER" >
63-->src\main\AndroidManifest.xml:46:13-54
64            <intent-filter>
64-->src\main\AndroidManifest.xml:47:13-50:29
65                <action android:name="android.intent.action.MAIN" />
65-->src\main\AndroidManifest.xml:48:17-69
65-->src\main\AndroidManifest.xml:48:25-66
66
67                <category android:name="android.intent.category.LAUNCHER" />
67-->src\main\AndroidManifest.xml:49:17-77
67-->src\main\AndroidManifest.xml:49:27-74
68            </intent-filter>
69
70            <!-- Link Interception (Requirement 5) -->
71            <intent-filter android:autoVerify="true" >
71-->src\main\AndroidManifest.xml:53:13-61:29
71-->src\main\AndroidManifest.xml:53:28-53
72                <action android:name="android.intent.action.VIEW" />
72-->src\main\AndroidManifest.xml:54:17-69
72-->src\main\AndroidManifest.xml:54:25-66
73
74                <category android:name="android.intent.category.DEFAULT" />
74-->src\main\AndroidManifest.xml:55:17-76
74-->src\main\AndroidManifest.xml:55:27-73
75                <category android:name="android.intent.category.BROWSABLE" />
75-->src\main\AndroidManifest.xml:56:17-78
75-->src\main\AndroidManifest.xml:56:27-75
76
77                <data android:scheme="http" />
77-->src\main\AndroidManifest.xml:57:17-47
77-->src\main\AndroidManifest.xml:57:23-44
78                <data android:scheme="https" />
78-->src\main\AndroidManifest.xml:57:17-47
78-->src\main\AndroidManifest.xml:57:23-44
79                <!-- Generic filters to catch suspicious generic links -->
80                <data android:host="*" />
80-->src\main\AndroidManifest.xml:57:17-47
80-->src\main\AndroidManifest.xml:60:23-39
81            </intent-filter>
82        </activity>
83
84        <!-- Monitoring Service -->
85        <service
85-->src\main\AndroidManifest.xml:65:9-69:56
86            android:name="com.eps.android.core.EpsMonitoringService"
86-->src\main\AndroidManifest.xml:66:13-54
87            android:enabled="true"
87-->src\main\AndroidManifest.xml:67:13-35
88            android:exported="false"
88-->src\main\AndroidManifest.xml:68:13-37
89            android:foregroundServiceType="dataSync" />
89-->src\main\AndroidManifest.xml:69:13-53
90
91        <!-- Notification Listener for proactive scanning -->
92        <service
92-->src\main\AndroidManifest.xml:72:9-80:19
93            android:name="com.eps.android.core.EpsNotificationListener"
93-->src\main\AndroidManifest.xml:73:13-57
94            android:exported="true"
94-->src\main\AndroidManifest.xml:76:13-36
95            android:label="@string/app_name"
95-->src\main\AndroidManifest.xml:74:13-45
96            android:permission="android.permission.BIND_NOTIFICATION_LISTENER_SERVICE" >
96-->src\main\AndroidManifest.xml:75:13-87
97            <intent-filter>
97-->src\main\AndroidManifest.xml:77:13-79:29
98                <action android:name="android.service.notification.NotificationListenerService" />
98-->src\main\AndroidManifest.xml:78:17-99
98-->src\main\AndroidManifest.xml:78:25-96
99            </intent-filter>
100        </service>
101
102        <!-- VPN Service for Anti-Phishing logic -->
103        <service
103-->src\main\AndroidManifest.xml:83:9-90:19
104            android:name="com.eps.android.core.AntiPhishingVpnService"
104-->src\main\AndroidManifest.xml:84:13-56
105            android:exported="false"
105-->src\main\AndroidManifest.xml:86:13-37
106            android:permission="android.permission.BIND_VPN_SERVICE" >
106-->src\main\AndroidManifest.xml:85:13-69
107            <intent-filter>
107-->src\main\AndroidManifest.xml:87:13-89:29
108                <action android:name="android.service.quicksettings.action.QS_TILE" />
108-->src\main\AndroidManifest.xml:88:17-87
108-->src\main\AndroidManifest.xml:88:25-84
109            </intent-filter>
110        </service>
111
112        <!-- Accessibility Service for URL Monitoring -->
113        <service
113-->src\main\AndroidManifest.xml:93:9-103:19
114            android:name="com.eps.android.core.PhishingAccessibilityService"
114-->src\main\AndroidManifest.xml:94:13-62
115            android:exported="true"
115-->src\main\AndroidManifest.xml:96:13-36
116            android:permission="android.permission.BIND_ACCESSIBILITY_SERVICE" >
116-->src\main\AndroidManifest.xml:95:13-79
117            <intent-filter>
117-->src\main\AndroidManifest.xml:97:13-99:29
118                <action android:name="android.accessibilityservice.AccessibilityService" />
118-->src\main\AndroidManifest.xml:98:17-92
118-->src\main\AndroidManifest.xml:98:25-89
119            </intent-filter>
120
121            <meta-data
121-->src\main\AndroidManifest.xml:100:13-102:72
122                android:name="android.accessibilityservice"
122-->src\main\AndroidManifest.xml:101:17-60
123                android:resource="@xml/accessibility_service_config" />
123-->src\main\AndroidManifest.xml:102:17-69
124        </service>
125
126        <!-- Phishing Warning Overlay Activity -->
127        <activity
127-->src\main\AndroidManifest.xml:106:9-109:75
128            android:name="com.eps.android.core.PhishingWarningActivity"
128-->src\main\AndroidManifest.xml:107:13-57
129            android:exported="false"
129-->src\main\AndroidManifest.xml:108:13-37
130            android:theme="@android:style/Theme.Translucent.NoTitleBar" />
130-->src\main\AndroidManifest.xml:109:13-72
131
132        <!-- Boot Receiver for persistence -->
133        <receiver
133-->src\main\AndroidManifest.xml:112:9-118:20
134            android:name="com.eps.android.core.BootReceiver"
134-->src\main\AndroidManifest.xml:113:13-46
135            android:exported="false" >
135-->src\main\AndroidManifest.xml:114:13-37
136            <intent-filter>
136-->src\main\AndroidManifest.xml:115:13-117:29
137                <action android:name="android.intent.action.BOOT_COMPLETED" />
137-->src\main\AndroidManifest.xml:116:17-79
137-->src\main\AndroidManifest.xml:116:25-76
138            </intent-filter>
139        </receiver>
140
141        <!-- Package installation events -->
142        <receiver
142-->src\main\AndroidManifest.xml:121:9-129:20
143            android:name="com.eps.android.core.PackageEventReceiver"
143-->src\main\AndroidManifest.xml:122:13-54
144            android:exported="true" >
144-->src\main\AndroidManifest.xml:123:13-36
145            <intent-filter>
145-->src\main\AndroidManifest.xml:124:13-128:29
146                <action android:name="android.intent.action.PACKAGE_ADDED" />
146-->src\main\AndroidManifest.xml:125:17-78
146-->src\main\AndroidManifest.xml:125:25-75
147                <action android:name="android.intent.action.PACKAGE_REPLACED" />
147-->src\main\AndroidManifest.xml:126:17-81
147-->src\main\AndroidManifest.xml:126:25-78
148
149                <data android:scheme="package" />
149-->src\main\AndroidManifest.xml:57:17-47
149-->src\main\AndroidManifest.xml:57:23-44
150            </intent-filter>
151        </receiver>
152
153        <!-- Device Administrator -->
154        <receiver
154-->src\main\AndroidManifest.xml:132:9-143:20
155            android:name="com.eps.android.core.SecurityAdminReceiver"
155-->src\main\AndroidManifest.xml:133:13-55
156            android:exported="true"
156-->src\main\AndroidManifest.xml:136:13-36
157            android:label="Cyber Brother Security Administrator"
157-->src\main\AndroidManifest.xml:134:13-65
158            android:permission="android.permission.BIND_DEVICE_ADMIN" >
158-->src\main\AndroidManifest.xml:135:13-70
159            <meta-data
159-->src\main\AndroidManifest.xml:137:13-139:62
160                android:name="android.app.device_admin"
160-->src\main\AndroidManifest.xml:138:17-56
161                android:resource="@xml/device_admin_rules" />
161-->src\main\AndroidManifest.xml:139:17-59
162
163            <intent-filter>
163-->src\main\AndroidManifest.xml:140:13-142:29
164                <action android:name="android.app.action.DEVICE_ADMIN_ENABLED" />
164-->src\main\AndroidManifest.xml:141:17-82
164-->src\main\AndroidManifest.xml:141:25-79
165            </intent-filter>
166        </receiver>
167
168        <!-- SMS Interception -->
169        <receiver
169-->src\main\AndroidManifest.xml:146:9-153:20
170            android:name="com.eps.android.core.SmsReceiver"
170-->src\main\AndroidManifest.xml:147:13-45
171            android:exported="true"
171-->src\main\AndroidManifest.xml:149:13-36
172            android:permission="android.permission.BROADCAST_SMS" >
172-->src\main\AndroidManifest.xml:148:13-66
173            <intent-filter android:priority="999" >
173-->src\main\AndroidManifest.xml:150:13-152:29
173-->src\main\AndroidManifest.xml:150:28-50
174                <action android:name="android.provider.Telephony.SMS_RECEIVED" />
174-->src\main\AndroidManifest.xml:151:17-82
174-->src\main\AndroidManifest.xml:151:25-79
175            </intent-filter>
176        </receiver>
177
178        <!-- Threat Action Receiver (Delete File) -->
179        <receiver
179-->src\main\AndroidManifest.xml:156:9-162:20
180            android:name="com.eps.android.core.ThreatActionReceiver"
180-->src\main\AndroidManifest.xml:157:13-54
181            android:exported="false" >
181-->src\main\AndroidManifest.xml:158:13-37
182            <intent-filter>
182-->src\main\AndroidManifest.xml:159:13-161:29
183                <action android:name="com.eps.android.ACTION_DELETE_FILE" />
183-->src\main\AndroidManifest.xml:160:17-77
183-->src\main\AndroidManifest.xml:160:25-74
184            </intent-filter>
185        </receiver>
186
187        <!-- Threat Alert Activity (Full Screen) -->
188        <activity
188-->src\main\AndroidManifest.xml:165:9-169:46
189            android:name="com.eps.android.ui.activities.ThreatAlertActivity"
189-->src\main\AndroidManifest.xml:166:13-62
190            android:exported="false"
190-->src\main\AndroidManifest.xml:167:13-37
191            android:launchMode="singleTop"
191-->src\main\AndroidManifest.xml:169:13-43
192            android:theme="@style/Theme.HACKDEFENDER" />
192-->src\main\AndroidManifest.xml:168:13-54
193
194        <!-- Vishing Alert Activity -->
195        <activity
195-->src\main\AndroidManifest.xml:172:9-178:51
196            android:name="com.eps.android.ui.screens.VishingAlertActivity"
196-->src\main\AndroidManifest.xml:173:13-60
197            android:exported="false"
197-->src\main\AndroidManifest.xml:174:13-37
198            android:launchMode="singleInstance"
198-->src\main\AndroidManifest.xml:178:13-48
199            android:showForAllUsers="true"
199-->src\main\AndroidManifest.xml:175:13-43
200            android:showOnLockScreen="true"
200-->src\main\AndroidManifest.xml:176:13-44
201            android:theme="@style/Theme.HACKDEFENDER" />
201-->src\main\AndroidManifest.xml:177:13-54
202
203        <provider
203-->[androidx.work:work-runtime:2.9.0] AndroidManifest.xml:29:9-37:20
204            android:name="androidx.startup.InitializationProvider"
204-->[androidx.work:work-runtime:2.9.0] AndroidManifest.xml:30:13-67
205            android:authorities="com.eps.android.androidx-startup"
205-->[androidx.work:work-runtime:2.9.0] AndroidManifest.xml:31:13-68
206            android:exported="false" >
206-->[androidx.work:work-runtime:2.9.0] AndroidManifest.xml:32:13-37
207            <meta-data
207-->[androidx.work:work-runtime:2.9.0] AndroidManifest.xml:34:13-36:52
208                android:name="androidx.work.WorkManagerInitializer"
208-->[androidx.work:work-runtime:2.9.0] AndroidManifest.xml:35:17-68
209                android:value="androidx.startup" />
209-->[androidx.work:work-runtime:2.9.0] AndroidManifest.xml:36:17-49
210            <meta-data
210-->[androidx.emoji2:emoji2:1.4.0] AndroidManifest.xml:29:13-31:52
211                android:name="androidx.emoji2.text.EmojiCompatInitializer"
211-->[androidx.emoji2:emoji2:1.4.0] AndroidManifest.xml:30:17-75
212                android:value="androidx.startup" />
212-->[androidx.emoji2:emoji2:1.4.0] AndroidManifest.xml:31:17-49
213            <meta-data
213-->[androidx.lifecycle:lifecycle-process:2.6.2] AndroidManifest.xml:29:13-31:52
214                android:name="androidx.lifecycle.ProcessLifecycleInitializer"
214-->[androidx.lifecycle:lifecycle-process:2.6.2] AndroidManifest.xml:30:17-78
215                android:value="androidx.startup" />
215-->[androidx.lifecycle:lifecycle-process:2.6.2] AndroidManifest.xml:31:17-49
216            <meta-data
216-->[androidx.profileinstaller:profileinstaller:1.3.0] AndroidManifest.xml:29:13-31:52
217                android:name="androidx.profileinstaller.ProfileInstallerInitializer"
217-->[androidx.profileinstaller:profileinstaller:1.3.0] AndroidManifest.xml:30:17-85
218                android:value="androidx.startup" />
218-->[androidx.profileinstaller:profileinstaller:1.3.0] AndroidManifest.xml:31:17-49
219        </provider>
220
221        <service
221-->[androidx.work:work-runtime:2.9.0] AndroidManifest.xml:39:9-45:35
222            android:name="androidx.work.impl.background.systemalarm.SystemAlarmService"
222-->[androidx.work:work-runtime:2.9.0] AndroidManifest.xml:40:13-88
223            android:directBootAware="false"
223-->[androidx.work:work-runtime:2.9.0] AndroidManifest.xml:41:13-44
224            android:enabled="@bool/enable_system_alarm_service_default"
224-->[androidx.work:work-runtime:2.9.0] AndroidManifest.xml:42:13-72
225            android:exported="false" />
225-->[androidx.work:work-runtime:2.9.0] AndroidManifest.xml:43:13-37
226        <service
226-->[androidx.work:work-runtime:2.9.0] AndroidManifest.xml:46:9-52:35
227            android:name="androidx.work.impl.background.systemjob.SystemJobService"
227-->[androidx.work:work-runtime:2.9.0] AndroidManifest.xml:47:13-84
228            android:directBootAware="false"
228-->[androidx.work:work-runtime:2.9.0] AndroidManifest.xml:48:13-44
229            android:enabled="@bool/enable_system_job_service_default"
229-->[androidx.work:work-runtime:2.9.0] AndroidManifest.xml:49:13-70
230            android:exported="true"
230-->[androidx.work:work-runtime:2.9.0] AndroidManifest.xml:50:13-36
231            android:permission="android.permission.BIND_JOB_SERVICE" />
231-->[androidx.work:work-runtime:2.9.0] AndroidManifest.xml:51:13-69
232        <service
232-->[androidx.work:work-runtime:2.9.0] AndroidManifest.xml:53:9-59:35
233            android:name="androidx.work.impl.foreground.SystemForegroundService"
233-->[androidx.work:work-runtime:2.9.0] AndroidManifest.xml:54:13-81
234            android:directBootAware="false"
234-->[androidx.work:work-runtime:2.9.0] AndroidManifest.xml:55:13-44
235            android:enabled="@bool/enable_system_foreground_service_default"
235-->[androidx.work:work-runtime:2.9.0] AndroidManifest.xml:56:13-77
236            android:exported="false" />
236-->[androidx.work:work-runtime:2.9.0] AndroidManifest.xml:57:13-37
237
238        <receiver
238-->[androidx.work:work-runtime:2.9.0] AndroidManifest.xml:61:9-66:35
239            android:name="androidx.work.impl.utils.ForceStopRunnable$BroadcastReceiver"
239-->[androidx.work:work-runtime:2.9.0] AndroidManifest.xml:62:13-88
240            android:directBootAware="false"
240-->[androidx.work:work-runtime:2.9.0] AndroidManifest.xml:63:13-44
241            android:enabled="true"
241-->[androidx.work:work-runtime:2.9.0] AndroidManifest.xml:64:13-35
242            android:exported="false" />
242-->[androidx.work:work-runtime:2.9.0] AndroidManifest.xml:65:13-37
243        <receiver
243-->[androidx.work:work-runtime:2.9.0] AndroidManifest.xml:67:9-77:20
244            android:name="androidx.work.impl.background.systemalarm.ConstraintProxy$BatteryChargingProxy"
244-->[androidx.work:work-runtime:2.9.0] AndroidManifest.xml:68:13-106
245            android:directBootAware="false"
245-->[androidx.work:work-runtime:2.9.0] AndroidManifest.xml:69:13-44
246            android:enabled="false"
246-->[androidx.work:work-runtime:2.9.0] AndroidManifest.xml:70:13-36
247            android:exported="false" >
247-->[androidx.work:work-runtime:2.9.0] AndroidManifest.xml:71:13-37
248            <intent-filter>
248-->[androidx.work:work-runtime:2.9.0] AndroidManifest.xml:73:13-76:29
249                <action android:name="android.intent.action.ACTION_POWER_CONNECTED" />
249-->[androidx.work:work-runtime:2.9.0] AndroidManifest.xml:74:17-87
249-->[androidx.work:work-runtime:2.9.0] AndroidManifest.xml:74:25-84
250                <action android:name="android.intent.action.ACTION_POWER_DISCONNECTED" />
250-->[androidx.work:work-runtime:2.9.0] AndroidManifest.xml:75:17-90
250-->[androidx.work:work-runtime:2.9.0] AndroidManifest.xml:75:25-87
251            </intent-filter>
252        </receiver>
253        <receiver
253-->[androidx.work:work-runtime:2.9.0] AndroidManifest.xml:78:9-88:20
254            android:name="androidx.work.impl.background.systemalarm.ConstraintProxy$BatteryNotLowProxy"
254-->[androidx.work:work-runtime:2.9.0] AndroidManifest.xml:79:13-104
255            android:directBootAware="false"
255-->[androidx.work:work-runtime:2.9.0] AndroidManifest.xml:80:13-44
256            android:enabled="false"
256-->[androidx.work:work-runtime:2.9.0] AndroidManifest.xml:81:13-36
257            android:exported="false" >
257-->[androidx.work:work-runtime:2.9.0] AndroidManifest.xml:82:13-37
258            <intent-filter>
258-->[androidx.work:work-runtime:2.9.0] AndroidManifest.xml:84:13-87:29
259                <action android:name="android.intent.action.BATTERY_OKAY" />
259-->[androidx.work:work-runtime:2.9.0] AndroidManifest.xml:85:17-77
259-->[androidx.work:work-runtime:2.9.0] AndroidManifest.xml:85:25-74
260                <action android:name="android.intent.action.BATTERY_LOW" />
260-->[androidx.work:work-runtime:2.9.0] AndroidManifest.xml:86:17-76
260-->[androidx.work:work-runtime:2.9.0] AndroidManifest.xml:86:25-73
261            </intent-filter>
262        </receiver>
263        <receiver
263-->[androidx.work:work-runtime:2.9.0] AndroidManifest.xml:89:9-99:20
264            android:name="androidx.work.impl.background.systemalarm.ConstraintProxy$StorageNotLowProxy"
264-->[androidx.work:work-runtime:2.9.0] AndroidManifest.xml:90:13-104
265            android:directBootAware="false"
265-->[androidx.work:work-runtime:2.9.0] AndroidManifest.xml:91:13-44
266            android:enabled="false"
266-->[androidx.work:work-runtime:2.9.0] AndroidManifest.xml:92:13-36
267            android:exported="false" >
267-->[androidx.work:work-runtime:2.9.0] AndroidManifest.xml:93:13-37
268            <intent-filter>
268-->[androidx.work:work-runtime:2.9.0] AndroidManifest.xml:95:13-98:29
269                <action android:name="android.intent.action.DEVICE_STORAGE_LOW" />
269-->[androidx.work:work-runtime:2.9.0] AndroidManifest.xml:96:17-83
269-->[androidx.work:work-runtime:2.9.0] AndroidManifest.xml:96:25-80
270                <action android:name="android.intent.action.DEVICE_STORAGE_OK" />
270-->[androidx.work:work-runtime:2.9.0] AndroidManifest.xml:97:17-82
270-->[androidx.work:work-runtime:2.9.0] AndroidManifest.xml:97:25-79
271            </intent-filter>
272        </receiver>
273        <receiver
273-->[androidx.work:work-runtime:2.9.0] AndroidManifest.xml:100:9-109:20
274            android:name="androidx.work.impl.background.systemalarm.ConstraintProxy$NetworkStateProxy"
274-->[androidx.work:work-runtime:2.9.0] AndroidManifest.xml:101:13-103
275            android:directBootAware="false"
275-->[androidx.work:work-runtime:2.9.0] AndroidManifest.xml:102:13-44
276            android:enabled="false"
276-->[androidx.work:work-runtime:2.9.0] AndroidManifest.xml:103:13-36
277            android:exported="false" >
277-->[androidx.work:work-runtime:2.9.0] AndroidManifest.xml:104:13-37
278            <intent-filter>
278-->[androidx.work:work-runtime:2.9.0] AndroidManifest.xml:106:13-108:29
279                <action android:name="android.net.conn.CONNECTIVITY_CHANGE" />
279-->[androidx.work:work-runtime:2.9.0] AndroidManifest.xml:107:17-79
279-->[androidx.work:work-runtime:2.9.0] AndroidManifest.xml:107:25-76
280            </intent-filter>
281        </receiver>
282        <receiver
282-->[androidx.work:work-runtime:2.9.0] AndroidManifest.xml:110:9-121:20
283            android:name="androidx.work.impl.background.systemalarm.RescheduleReceiver"
283-->[androidx.work:work-runtime:2.9.0] AndroidManifest.xml:111:13-88
284            android:directBootAware="false"
284-->[androidx.work:work-runtime:2.9.0] AndroidManifest.xml:112:13-44
285            android:enabled="false"
285-->[androidx.work:work-runtime:2.9.0] AndroidManifest.xml:113:13-36
286            android:exported="false" >
286-->[androidx.work:work-runtime:2.9.0] AndroidManifest.xml:114:13-37
287            <intent-filter>
287-->[androidx.work:work-runtime:2.9.0] AndroidManifest.xml:116:13-120:29
288                <action android:name="android.intent.action.BOOT_COMPLETED" />
288-->src\main\AndroidManifest.xml:116:17-79
288-->src\main\AndroidManifest.xml:116:25-76
289                <action android:name="android.intent.action.TIME_SET" />
289-->[androidx.work:work-runtime:2.9.0] AndroidManifest.xml:118:17-73
289-->[androidx.work:work-runtime:2.9.0] AndroidManifest.xml:118:25-70
290                <action android:name="android.intent.action.TIMEZONE_CHANGED" />
290-->[androidx.work:work-runtime:2.9.0] AndroidManifest.xml:119:17-81
290-->[androidx.work:work-runtime:2.9.0] AndroidManifest.xml:119:25-78
291            </intent-filter>
292        </receiver>
293        <receiver
293-->[androidx.work:work-runtime:2.9.0] AndroidManifest.xml:122:9-131:20
294            android:name="androidx.work.impl.background.systemalarm.ConstraintProxyUpdateReceiver"
294-->[androidx.work:work-runtime:2.9.0] AndroidManifest.xml:123:13-99
295            android:directBootAware="false"
295-->[androidx.work:work-runtime:2.9.0] AndroidManifest.xml:124:13-44
296            android:enabled="@bool/enable_system_alarm_service_default"
296-->[androidx.work:work-runtime:2.9.0] AndroidManifest.xml:125:13-72
297            android:exported="false" >
297-->[androidx.work:work-runtime:2.9.0] AndroidManifest.xml:126:13-37
298            <intent-filter>
298-->[androidx.work:work-runtime:2.9.0] AndroidManifest.xml:128:13-130:29
299                <action android:name="androidx.work.impl.background.systemalarm.UpdateProxies" />
299-->[androidx.work:work-runtime:2.9.0] AndroidManifest.xml:129:17-98
299-->[androidx.work:work-runtime:2.9.0] AndroidManifest.xml:129:25-95
300            </intent-filter>
301        </receiver>
302        <receiver
302-->[androidx.work:work-runtime:2.9.0] AndroidManifest.xml:132:9-142:20
303            android:name="androidx.work.impl.diagnostics.DiagnosticsReceiver"
303-->[androidx.work:work-runtime:2.9.0] AndroidManifest.xml:133:13-78
304            android:directBootAware="false"
304-->[androidx.work:work-runtime:2.9.0] AndroidManifest.xml:134:13-44
305            android:enabled="true"
305-->[androidx.work:work-runtime:2.9.0] AndroidManifest.xml:135:13-35
306            android:exported="true"
306-->[androidx.work:work-runtime:2.9.0] AndroidManifest.xml:136:13-36
307            android:permission="android.permission.DUMP" >
307-->[androidx.work:work-runtime:2.9.0] AndroidManifest.xml:137:13-57
308            <intent-filter>
308-->[androidx.work:work-runtime:2.9.0] AndroidManifest.xml:139:13-141:29
309                <action android:name="androidx.work.diagnostics.REQUEST_DIAGNOSTICS" />
309-->[androidx.work:work-runtime:2.9.0] AndroidManifest.xml:140:17-88
309-->[androidx.work:work-runtime:2.9.0] AndroidManifest.xml:140:25-85
310            </intent-filter>
311        </receiver>
312
313        <service
313-->[androidx.room:room-runtime:2.6.0] AndroidManifest.xml:24:9-28:63
314            android:name="androidx.room.MultiInstanceInvalidationService"
314-->[androidx.room:room-runtime:2.6.0] AndroidManifest.xml:25:13-74
315            android:directBootAware="true"
315-->[androidx.room:room-runtime:2.6.0] AndroidManifest.xml:26:13-43